<?xml version="1.0" encoding="UTF-8"?>
<!-- Generated by org.testng.reporters.JUnitReportReporter -->
<testsuite hostname="LAPTOP-Soufien" failures="0" tests="2" name="testFeatures.LoginFeatureTests" time="0.020" errors="0" timestamp="2024-05-05T22:13:46 GMT+01:00" skipped="0">
  <testcase classname="testFeatures.LoginFeatureTests" name="login_test1" time="0.018"/>
  <system-out/>
  <testcase classname="testFeatures.LoginFeatureTests" name="login_test2" time="0.002"/>
  <system-out/>
</testsuite> <!-- testFeatures.LoginFeatureTests -->
