<?xml version="1.0" encoding="UTF-8"?>
<!-- Generated by org.testng.reporters.JUnitReportReporter -->
<testsuite hostname="LAPTOP-Soufien" failures="0" tests="2" name="testFeatures.LoginFeatureTests" time="0.022" errors="0" timestamp="2024-05-05T22:17:21 GMT+01:00" skipped="0">
  <testcase classname="testFeatures.LoginFeatureTests" name="login_test1" time="0.021"/>
  <system-out/>
  <testcase classname="testFeatures.LoginFeatureTests" name="login_test2" time="0.001"/>
  <system-out/>
</testsuite> <!-- testFeatures.LoginFeatureTests -->
